[2026-06-14 09:32:18] 수집 범위: 2026-06-13 ~ 2026-06-13 (1일)
[2026-06-14 09:32:19] 리포트 작업 생성: 1003402842336739
[2026-06-14 09:32:19]   0% / Job Not Started
[2026-06-14 09:32:25]   0% / Job Not Started
[2026-06-14 09:32:30]   0% / Job Not Started
[2026-06-14 09:32:35]   0% / Job Started
[2026-06-14 09:32:41]   0% / Job Started
[2026-06-14 09:32:46]   0% / Job Started
[2026-06-14 09:32:51]   0% / Job Started
[2026-06-14 09:32:57]   0% / Job Started
[2026-06-14 09:33:02]   0% / Job Started
[2026-06-14 09:33:07]   0% / Job Started
[2026-06-14 09:33:12]   0% / Job Started
[2026-06-14 09:33:18]   0% / Job Started
[2026-06-14 09:33:23]   0% / Job Started
[2026-06-14 09:33:28]   0% / Job Started
[2026-06-14 09:33:34]   0% / Job Started
[2026-06-14 09:33:39]   0% / Job Running
[2026-06-14 09:33:44]   0% / Job Running
[2026-06-14 09:33:50]   42% / Job Running
[2026-06-14 09:33:55]   84% / Job Running
[2026-06-14 09:34:00]   100% / Job Running
[2026-06-14 09:34:05]   100% / Job Completed
[2026-06-14 09:34:06]   페이지 1: +146행 (누적 146행)
[2026-06-14 09:34:06] 광고세트 목표 조회: 18/18개
[2026-06-14 09:34:06] 완료: 146행 -> /home/runner/work/lalasweet-ad-dashboard/lalasweet-ad-dashboard/data/meta_raw_2026-06-13_2026-06-13.csv
[2026-06-14 09:34:06] 마지막 성공 날짜 갱신: 2026-06-13
