[2026-06-14 09:34:07] 수집 범위: 2026-06-13 ~ 2026-06-13 (1일)
[2026-06-14 09:34:08]   2026-06-13: 전체 235행 -> 인지 제외 후 188행
[2026-06-14 09:34:08] spend > 0 행: 0개
[2026-06-14 09:34:08] 완료: 0행 -> /home/runner/work/lalasweet-ad-dashboard/lalasweet-ad-dashboard/data/tiktok_raw_2026-06-13_2026-06-13.csv
[2026-06-14 09:34:08] 마지막 성공 날짜 갱신: 2026-06-13
[2026-06-14 09:42:58] 수집 범위: 2026-06-01 ~ 2026-06-13 (13일)
[2026-06-14 09:43:01]   2026-06-01: 전체 492행 -> 인지 제외 후 492행
[2026-06-14 09:43:05]   2026-06-02: 전체 420행 -> 인지 제외 후 420행
[2026-06-14 09:43:07]   2026-06-03: 전체 365행 -> 인지 제외 후 365행
[2026-06-14 09:43:10]   2026-06-04: 전체 406행 -> 인지 제외 후 406행
[2026-06-14 09:43:12]   2026-06-05: 전체 326행 -> 인지 제외 후 326행
[2026-06-14 09:43:14]   2026-06-06: 전체 297행 -> 인지 제외 후 297행
[2026-06-14 09:43:16]   2026-06-07: 전체 273행 -> 인지 제외 후 273행
[2026-06-14 09:43:18]   2026-06-08: 전체 222행 -> 인지 제외 후 222행
[2026-06-14 09:43:30]   2026-06-09: 전체 231행 -> 인지 제외 후 217행
[2026-06-14 09:43:32]   2026-06-10: 전체 258행 -> 인지 제외 후 231행
[2026-06-14 09:43:34]   2026-06-11: 전체 259행 -> 인지 제외 후 232행
[2026-06-14 09:43:35]   2026-06-12: 전체 265행 -> 인지 제외 후 229행
[2026-06-14 09:43:37]   2026-06-13: 전체 235행 -> 인지 제외 후 188행
[2026-06-14 09:43:37] spend > 0 행: 18개
[2026-06-14 09:43:37] 완료: 18행 -> /home/runner/work/lalasweet-ad-dashboard/lalasweet-ad-dashboard/data/tiktok_raw_2026-06-01_2026-06-13.csv
[2026-06-14 09:43:37] 마지막 성공 날짜 갱신: 2026-06-13
[2026-06-14 13:44:05] 받을 새 데이터 없음 (이미 2026-06-13까지 수집 완료) -> 종료
[2026-06-14 23:59:06] 받을 새 데이터 없음 (이미 2026-06-13까지 수집 완료) -> 종료
[2026-06-15 02:04:31] 수집 범위: 2026-06-14 ~ 2026-06-14 (1일)
[2026-06-15 02:04:32]   2026-06-14: 전체 117행 -> 인지 제외 후 75행
[2026-06-15 02:04:32] spend > 0 행: 0개
[2026-06-15 02:04:32] 완료: 0행 -> /home/runner/work/lalasweet-ad-dashboard/lalasweet-ad-dashboard/data/tiktok_raw_2026-06-14_2026-06-14.csv
[2026-06-15 02:04:32] 마지막 성공 날짜 갱신: 2026-06-14
[2026-06-15 03:45:07] 받을 새 데이터 없음 (이미 2026-06-14까지 수집 완료) -> 종료
[2026-06-16 00:17:47] 수집 범위: 2026-06-15 ~ 2026-06-15 (1일)
[2026-06-16 00:17:48]   2026-06-15: 전체 131행 -> 인지 제외 후 91행
[2026-06-16 00:17:48] spend > 0 행: 0개
[2026-06-16 00:17:48] 완료: 0행 -> /home/runner/work/lalasweet-ad-dashboard/lalasweet-ad-dashboard/data/tiktok_raw_2026-06-15_2026-06-15.csv
[2026-06-16 00:17:48] 마지막 성공 날짜 갱신: 2026-06-15
[2026-06-16 12:06:35] [백필 모드] 수집 범위: 2026-01-01 ~ 2026-05-31
[2026-06-16 12:06:35] 경고: 수집 범위 151일. 장기 누락 가능성.
[2026-06-16 12:06:35] 수집 범위: 2026-01-01 ~ 2026-05-31 (151일)
[2026-06-16 12:06:36]   2026-01-01: 전체 63행 -> 인지 제외 후 63행
[2026-06-16 12:06:36]   2026-01-02: 전체 74행 -> 인지 제외 후 74행
[2026-06-16 12:06:37]   2026-01-03: 전체 58행 -> 인지 제외 후 58행
[2026-06-16 12:06:38]   2026-01-04: 전체 58행 -> 인지 제외 후 58행
[2026-06-16 12:06:39]   2026-01-05: 전체 57행 -> 인지 제외 후 57행
[2026-06-16 12:06:40]   2026-01-06: 전체 51행 -> 인지 제외 후 51행
[2026-06-16 12:06:41]   2026-01-07: 전체 47행 -> 인지 제외 후 47행
[2026-06-16 12:06:42]   2026-01-08: 전체 50행 -> 인지 제외 후 50행
[2026-06-16 12:06:43]   2026-01-09: 전체 43행 -> 인지 제외 후 43행
[2026-06-16 12:06:44]   2026-01-10: 전체 46행 -> 인지 제외 후 46행
[2026-06-16 12:06:45]   2026-01-11: 전체 46행 -> 인지 제외 후 46행
[2026-06-16 12:06:46]   2026-01-12: 전체 51행 -> 인지 제외 후 51행
[2026-06-16 12:06:46]   2026-01-13: 전체 51행 -> 인지 제외 후 51행
[2026-06-16 12:06:48]   2026-01-14: 전체 38행 -> 인지 제외 후 38행
[2026-06-16 12:06:49]   2026-01-15: 전체 38행 -> 인지 제외 후 38행
[2026-06-16 12:06:50]   2026-01-16: 전체 36행 -> 인지 제외 후 36행
[2026-06-16 12:06:51]   2026-01-17: 전체 31행 -> 인지 제외 후 31행
[2026-06-16 12:06:53]   2026-01-18: 전체 42행 -> 인지 제외 후 42행
[2026-06-16 12:06:55]   2026-01-19: 전체 28행 -> 인지 제외 후 28행
[2026-06-16 12:06:55]   2026-01-20: 전체 35행 -> 인지 제외 후 35행
[2026-06-16 12:06:56]   2026-01-21: 전체 29행 -> 인지 제외 후 29행
[2026-06-16 12:06:57]   2026-01-22: 전체 24행 -> 인지 제외 후 24행
[2026-06-16 12:06:57]   2026-01-23: 전체 27행 -> 인지 제외 후 27행
[2026-06-16 12:06:59]   2026-01-24: 전체 23행 -> 인지 제외 후 23행
[2026-06-16 12:07:00]   2026-01-25: 전체 28행 -> 인지 제외 후 28행
[2026-06-16 12:07:01]   2026-01-26: 전체 22행 -> 인지 제외 후 22행
[2026-06-16 12:07:01]   2026-01-27: 전체 30행 -> 인지 제외 후 30행
[2026-06-16 12:07:03]   2026-01-28: 전체 27행 -> 인지 제외 후 27행
[2026-06-16 12:07:03]   2026-01-29: 전체 29행 -> 인지 제외 후 29행
[2026-06-16 12:07:04]   2026-01-30: 전체 32행 -> 인지 제외 후 32행
[2026-06-16 12:07:05]   2026-01-31: 전체 25행 -> 인지 제외 후 25행
[2026-06-16 12:07:06]   2026-02-01: 전체 23행 -> 인지 제외 후 23행
[2026-06-16 12:07:07]   2026-02-02: 전체 30행 -> 인지 제외 후 30행
[2026-06-16 12:07:08]   2026-02-03: 전체 38행 -> 인지 제외 후 38행
[2026-06-16 12:07:08]   2026-02-04: 전체 30행 -> 인지 제외 후 30행
[2026-06-16 12:07:09]   2026-02-05: 전체 28행 -> 인지 제외 후 28행
[2026-06-16 12:07:10]   2026-02-06: 전체 34행 -> 인지 제외 후 34행
[2026-06-16 12:07:11]   2026-02-07: 전체 31행 -> 인지 제외 후 31행
[2026-06-16 12:07:12]   2026-02-08: 전체 31행 -> 인지 제외 후 31행
[2026-06-16 12:07:12]   2026-02-09: 전체 33행 -> 인지 제외 후 33행
[2026-06-16 12:07:13]   2026-02-10: 전체 35행 -> 인지 제외 후 35행
[2026-06-16 12:07:14]   2026-02-11: 전체 33행 -> 인지 제외 후 33행
[2026-06-16 12:07:15]   2026-02-12: 전체 30행 -> 인지 제외 후 30행
[2026-06-16 12:07:15]   2026-02-13: 전체 31행 -> 인지 제외 후 31행
[2026-06-16 12:07:16]   2026-02-14: 전체 69행 -> 인지 제외 후 69행
[2026-06-16 12:07:17]   2026-02-15: 전체 66행 -> 인지 제외 후 66행
[2026-06-16 12:07:18]   2026-02-16: 전체 64행 -> 인지 제외 후 64행
[2026-06-16 12:07:18]   2026-02-17: 전체 70행 -> 인지 제외 후 70행
[2026-06-16 12:07:19]   2026-02-18: 전체 70행 -> 인지 제외 후 70행
[2026-06-16 12:07:20]   2026-02-19: 전체 67행 -> 인지 제외 후 67행
[2026-06-16 12:07:21]   2026-02-20: 전체 70행 -> 인지 제외 후 70행
[2026-06-16 12:07:21]   2026-02-21: 전체 67행 -> 인지 제외 후 67행
[2026-06-16 12:07:22]   2026-02-22: 전체 70행 -> 인지 제외 후 70행
[2026-06-16 12:07:23]   2026-02-23: 전체 70행 -> 인지 제외 후 70행
[2026-06-16 12:07:24]   2026-02-24: 전체 72행 -> 인지 제외 후 72행
[2026-06-16 12:07:25]   2026-02-25: 전체 70행 -> 인지 제외 후 70행
[2026-06-16 12:07:25]   2026-02-26: 전체 69행 -> 인지 제외 후 69행
[2026-06-16 12:07:26]   2026-02-27: 전체 71행 -> 인지 제외 후 71행
[2026-06-16 12:07:27]   2026-02-28: 전체 67행 -> 인지 제외 후 67행
[2026-06-16 12:07:28]   2026-03-01: 전체 71행 -> 인지 제외 후 71행
[2026-06-16 12:07:28]   2026-03-02: 전체 70행 -> 인지 제외 후 70행
[2026-06-16 12:07:29]   2026-03-03: 전체 74행 -> 인지 제외 후 74행
[2026-06-16 12:07:30]   2026-03-04: 전체 77행 -> 인지 제외 후 77행
[2026-06-16 12:07:31]   2026-03-05: 전체 70행 -> 인지 제외 후 70행
[2026-06-16 12:07:32]   2026-03-06: 전체 113행 -> 인지 제외 후 113행
[2026-06-16 12:07:34]   2026-03-07: 전체 143행 -> 인지 제외 후 143행
[2026-06-16 12:07:35]   2026-03-08: 전체 155행 -> 인지 제외 후 155행
[2026-06-16 12:07:37]   2026-03-09: 전체 153행 -> 인지 제외 후 153행
[2026-06-16 12:07:39]   2026-03-10: 전체 150행 -> 인지 제외 후 150행
[2026-06-16 12:07:40]   2026-03-11: 전체 149행 -> 인지 제외 후 149행
[2026-06-16 12:07:42]   2026-03-12: 전체 143행 -> 인지 제외 후 143행
[2026-06-16 12:07:43]   2026-03-13: 전체 140행 -> 인지 제외 후 140행
[2026-06-16 12:07:45]   2026-03-14: 전체 154행 -> 인지 제외 후 154행
[2026-06-16 12:07:46]   2026-03-15: 전체 162행 -> 인지 제외 후 162행
[2026-06-16 12:07:50]   2026-03-16: 전체 204행 -> 인지 제외 후 204행
[2026-06-16 12:07:52]   2026-03-17: 전체 196행 -> 인지 제외 후 196행
[2026-06-16 12:07:53]   2026-03-18: 전체 193행 -> 인지 제외 후 193행
[2026-06-16 12:07:55]   2026-03-19: 전체 188행 -> 인지 제외 후 188행
[2026-06-16 12:07:57]   2026-03-20: 전체 202행 -> 인지 제외 후 202행
[2026-06-16 12:07:59]   2026-03-21: 전체 186행 -> 인지 제외 후 186행
[2026-06-16 12:08:02]   2026-03-22: 전체 255행 -> 인지 제외 후 255행
[2026-06-16 12:08:04]   2026-03-23: 전체 248행 -> 인지 제외 후 248행
[2026-06-16 12:08:08]   2026-03-24: 전체 246행 -> 인지 제외 후 246행
[2026-06-16 12:08:12]   2026-03-25: 전체 234행 -> 인지 제외 후 234행
[2026-06-16 12:08:14]   2026-03-26: 전체 219행 -> 인지 제외 후 219행
[2026-06-16 12:08:17]   2026-03-27: 전체 235행 -> 인지 제외 후 235행
[2026-06-16 12:08:20]   2026-03-28: 전체 261행 -> 인지 제외 후 261행
[2026-06-16 12:08:23]   2026-03-29: 전체 286행 -> 인지 제외 후 286행
[2026-06-16 12:08:25]   2026-03-30: 전체 266행 -> 인지 제외 후 266행
[2026-06-16 12:08:27]   2026-03-31: 전체 275행 -> 인지 제외 후 275행
[2026-06-16 12:08:30]   2026-04-01: 전체 284행 -> 인지 제외 후 284행
[2026-06-16 12:08:34]   2026-04-02: 전체 267행 -> 인지 제외 후 267행
[2026-06-16 12:08:36]   2026-04-03: 전체 271행 -> 인지 제외 후 271행
[2026-06-16 12:08:39]   2026-04-04: 전체 289행 -> 인지 제외 후 289행
[2026-06-16 12:08:42]   2026-04-05: 전체 340행 -> 인지 제외 후 340행
[2026-06-16 12:08:46]   2026-04-06: 전체 313행 -> 인지 제외 후 313행
[2026-06-16 12:08:48]   2026-04-07: 전체 294행 -> 인지 제외 후 294행
[2026-06-16 12:08:50]   2026-04-08: 전체 286행 -> 인지 제외 후 286행
[2026-06-16 12:08:52]   2026-04-09: 전체 293행 -> 인지 제외 후 293행
[2026-06-16 12:08:57]   2026-04-10: 전체 302행 -> 인지 제외 후 302행
[2026-06-16 12:09:00]   2026-04-11: 전체 334행 -> 인지 제외 후 334행
[2026-06-16 12:09:03]   2026-04-12: 전체 351행 -> 인지 제외 후 351행
[2026-06-16 12:09:06]   2026-04-13: 전체 312행 -> 인지 제외 후 312행
[2026-06-16 12:09:08]   2026-04-14: 전체 282행 -> 인지 제외 후 282행
[2026-06-16 12:09:11]   2026-04-15: 전체 291행 -> 인지 제외 후 291행
[2026-06-16 12:09:14]   2026-04-16: 전체 291행 -> 인지 제외 후 291행
[2026-06-16 12:09:16]   2026-04-17: 전체 296행 -> 인지 제외 후 296행
[2026-06-16 12:09:19]   2026-04-18: 전체 360행 -> 인지 제외 후 360행
[2026-06-16 12:09:23]   2026-04-19: 전체 336행 -> 인지 제외 후 336행
[2026-06-16 12:09:26]   2026-04-20: 전체 302행 -> 인지 제외 후 302행
[2026-06-16 12:09:31]   2026-04-21: 전체 351행 -> 인지 제외 후 351행
[2026-06-16 12:09:34]   2026-04-22: 전체 335행 -> 인지 제외 후 335행
[2026-06-16 12:09:36]   2026-04-23: 전체 315행 -> 인지 제외 후 315행
[2026-06-16 12:09:40]   2026-04-24: 전체 350행 -> 인지 제외 후 350행
[2026-06-16 12:09:45]   2026-04-25: 전체 350행 -> 인지 제외 후 350행
[2026-06-16 12:09:49]   2026-04-26: 전체 364행 -> 인지 제외 후 364행
[2026-06-16 12:09:53]   2026-04-27: 전체 352행 -> 인지 제외 후 352행
[2026-06-16 12:09:57]   2026-04-28: 전체 346행 -> 인지 제외 후 346행
[2026-06-16 12:10:02]   2026-04-29: 전체 327행 -> 인지 제외 후 327행
[2026-06-16 12:10:05]   2026-04-30: 전체 377행 -> 인지 제외 후 377행
[2026-06-16 12:10:11]   2026-05-01: 전체 492행 -> 인지 제외 후 492행
[2026-06-16 12:10:17]   2026-05-02: 전체 526행 -> 인지 제외 후 526행
[2026-06-16 12:10:22]   2026-05-03: 전체 511행 -> 인지 제외 후 511행
[2026-06-16 12:10:25]   2026-05-04: 전체 463행 -> 인지 제외 후 463행
[2026-06-16 12:10:29]   2026-05-05: 전체 464행 -> 인지 제외 후 464행
[2026-06-16 12:10:34]   2026-05-06: 전체 554행 -> 인지 제외 후 554행
[2026-06-16 12:10:38]   2026-05-07: 전체 589행 -> 인지 제외 후 589행
[2026-06-16 12:10:43]   2026-05-08: 전체 642행 -> 인지 제외 후 642행
[2026-06-16 12:10:50]   2026-05-09: 전체 671행 -> 인지 제외 후 671행
[2026-06-16 12:10:57]   2026-05-10: 전체 761행 -> 인지 제외 후 761행
[2026-06-16 12:11:03]   2026-05-11: 전체 698행 -> 인지 제외 후 698행
[2026-06-16 12:11:08]   2026-05-12: 전체 686행 -> 인지 제외 후 686행
[2026-06-16 12:11:13]   2026-05-13: 전체 651행 -> 인지 제외 후 651행
[2026-06-16 12:11:19]   2026-05-14: 전체 667행 -> 인지 제외 후 667행
[2026-06-16 12:11:23]   2026-05-15: 전체 652행 -> 인지 제외 후 652행
[2026-06-16 12:11:30]   2026-05-16: 전체 739행 -> 인지 제외 후 739행
[2026-06-16 12:11:36]   2026-05-17: 전체 773행 -> 인지 제외 후 773행
[2026-06-16 12:11:42]   2026-05-18: 전체 656행 -> 인지 제외 후 656행
[2026-06-16 12:11:50]   2026-05-19: 전체 675행 -> 인지 제외 후 675행
[2026-06-16 12:11:57]   2026-05-20: 전체 645행 -> 인지 제외 후 645행
[2026-06-16 12:12:03]   2026-05-21: 전체 618행 -> 인지 제외 후 618행
[2026-06-16 12:12:07]   2026-05-22: 전체 566행 -> 인지 제외 후 566행
[2026-06-16 12:12:14]   2026-05-23: 전체 604행 -> 인지 제외 후 604행
[2026-06-16 12:12:18]   2026-05-24: 전체 594행 -> 인지 제외 후 594행
[2026-06-16 12:12:24]   2026-05-25: 전체 559행 -> 인지 제외 후 559행
[2026-06-16 12:12:29]   2026-05-26: 전체 550행 -> 인지 제외 후 550행
[2026-06-16 12:12:34]   2026-05-27: 전체 537행 -> 인지 제외 후 537행
[2026-06-16 12:12:41]   2026-05-28: 전체 530행 -> 인지 제외 후 530행
[2026-06-16 12:12:45]   2026-05-29: 전체 476행 -> 인지 제외 후 476행
[2026-06-16 12:12:49]   2026-05-30: 전체 487행 -> 인지 제외 후 487행
[2026-06-16 12:12:52]   2026-05-31: 전체 497행 -> 인지 제외 후 497행
[2026-06-16 12:12:52] spend > 0 행: 5861개
[2026-06-16 12:12:52] [백필 모드] state 파일 갱신 생략
[2026-06-16 12:12:52] 완료: 5861행 -> /home/runner/work/lalasweet-ad-dashboard/lalasweet-ad-dashboard/data/tiktok_raw_2026-01-01_2026-05-31.csv
[2026-06-16 12:57:35] [백필 모드] 수집 범위: 2026-01-01 ~ 2026-06-15
[2026-06-16 12:57:35] 경고: 수집 범위 166일. 장기 누락 가능성.
[2026-06-16 12:57:35] 수집 범위: 2026-01-01 ~ 2026-06-15 (166일)
[2026-06-16 12:57:36]   2026-01-01: 전체 63행 -> 제외 후 45행
[2026-06-16 12:57:37]   2026-01-02: 전체 74행 -> 제외 후 47행
[2026-06-16 12:57:37]   2026-01-03: 전체 58행 -> 제외 후 36행
[2026-06-16 12:57:38]   2026-01-04: 전체 58행 -> 제외 후 39행
[2026-06-16 12:57:39]   2026-01-05: 전체 57행 -> 제외 후 37행
[2026-06-16 12:57:40]   2026-01-06: 전체 51행 -> 제외 후 33행
[2026-06-16 12:57:41]   2026-01-07: 전체 47행 -> 제외 후 30행
[2026-06-16 12:57:42]   2026-01-08: 전체 50행 -> 제외 후 33행
[2026-06-16 12:57:42]   2026-01-09: 전체 43행 -> 제외 후 28행
[2026-06-16 12:57:43]   2026-01-10: 전체 46행 -> 제외 후 28행
[2026-06-16 12:57:44]   2026-01-11: 전체 46행 -> 제외 후 28행
[2026-06-16 12:57:45]   2026-01-12: 전체 51행 -> 제외 후 34행
[2026-06-16 12:57:46]   2026-01-13: 전체 51행 -> 제외 후 31행
[2026-06-16 12:57:47]   2026-01-14: 전체 38행 -> 제외 후 22행
[2026-06-16 12:57:47]   2026-01-15: 전체 38행 -> 제외 후 22행
[2026-06-16 12:57:48]   2026-01-16: 전체 36행 -> 제외 후 21행
[2026-06-16 12:57:49]   2026-01-17: 전체 31행 -> 제외 후 19행
[2026-06-16 12:57:50]   2026-01-18: 전체 42행 -> 제외 후 27행
[2026-06-16 12:57:51]   2026-01-19: 전체 28행 -> 제외 후 19행
[2026-06-16 12:57:51]   2026-01-20: 전체 35행 -> 제외 후 22행
[2026-06-16 12:57:52]   2026-01-21: 전체 29행 -> 제외 후 21행
[2026-06-16 12:57:53]   2026-01-22: 전체 24행 -> 제외 후 19행
[2026-06-16 12:57:53]   2026-01-23: 전체 27행 -> 제외 후 20행
[2026-06-16 12:57:54]   2026-01-24: 전체 23행 -> 제외 후 19행
[2026-06-16 12:57:55]   2026-01-25: 전체 28행 -> 제외 후 21행
[2026-06-16 12:57:55]   2026-01-26: 전체 22행 -> 제외 후 18행
[2026-06-16 12:57:56]   2026-01-27: 전체 30행 -> 제외 후 21행
[2026-06-16 12:57:57]   2026-01-28: 전체 27행 -> 제외 후 21행
[2026-06-16 12:57:57]   2026-01-29: 전체 29행 -> 제외 후 21행
[2026-06-16 12:57:58]   2026-01-30: 전체 32행 -> 제외 후 21행
[2026-06-16 12:57:59]   2026-01-31: 전체 25행 -> 제외 후 20행
[2026-06-16 12:58:00]   2026-02-01: 전체 23행 -> 제외 후 20행
[2026-06-16 12:58:00]   2026-02-02: 전체 30행 -> 제외 후 20행
[2026-06-16 12:58:01]   2026-02-03: 전체 38행 -> 제외 후 18행
[2026-06-16 12:58:03]   2026-02-04: 전체 30행 -> 제외 후 12행
[2026-06-16 12:58:04]   2026-02-05: 전체 28행 -> 제외 후 8행
[2026-06-16 12:58:05]   2026-02-06: 전체 34행 -> 제외 후 7행
[2026-06-16 12:58:06]   2026-02-07: 전체 31행 -> 제외 후 5행
[2026-06-16 12:58:07]   2026-02-08: 전체 31행 -> 제외 후 5행
[2026-06-16 12:58:07]   2026-02-09: 전체 33행 -> 제외 후 6행
[2026-06-16 12:58:08]   2026-02-10: 전체 35행 -> 제외 후 3행
[2026-06-16 12:58:09]   2026-02-11: 전체 33행 -> 제외 후 1행
[2026-06-16 12:58:10]   2026-02-12: 전체 30행 -> 제외 후 0행
[2026-06-16 12:58:11]   2026-02-13: 전체 31행 -> 제외 후 1행
[2026-06-16 12:58:12]   2026-02-14: 전체 69행 -> 제외 후 7행
[2026-06-16 12:58:13]   2026-02-15: 전체 66행 -> 제외 후 6행
[2026-06-16 12:58:13]   2026-02-16: 전체 64행 -> 제외 후 4행
[2026-06-16 12:58:14]   2026-02-17: 전체 70행 -> 제외 후 8행
[2026-06-16 12:58:15]   2026-02-18: 전체 70행 -> 제외 후 5행
[2026-06-16 12:58:16]   2026-02-19: 전체 67행 -> 제외 후 5행
[2026-06-16 12:58:17]   2026-02-20: 전체 70행 -> 제외 후 7행
[2026-06-16 12:58:17]   2026-02-21: 전체 67행 -> 제외 후 5행
[2026-06-16 12:58:18]   2026-02-22: 전체 70행 -> 제외 후 6행
[2026-06-16 12:58:19]   2026-02-23: 전체 70행 -> 제외 후 4행
[2026-06-16 12:58:21]   2026-02-24: 전체 72행 -> 제외 후 5행
[2026-06-16 12:58:23]   2026-02-25: 전체 70행 -> 제외 후 5행
[2026-06-16 12:58:24]   2026-02-26: 전체 69행 -> 제외 후 3행
[2026-06-16 12:58:25]   2026-02-27: 전체 71행 -> 제외 후 6행
[2026-06-16 12:58:26]   2026-02-28: 전체 67행 -> 제외 후 4행
[2026-06-16 12:58:27]   2026-03-01: 전체 71행 -> 제외 후 5행
[2026-06-16 12:58:28]   2026-03-02: 전체 70행 -> 제외 후 4행
[2026-06-16 12:58:29]   2026-03-03: 전체 74행 -> 제외 후 7행
[2026-06-16 12:58:30]   2026-03-04: 전체 77행 -> 제외 후 14행
[2026-06-16 12:58:31]   2026-03-05: 전체 70행 -> 제외 후 9행
[2026-06-16 12:58:33]   2026-03-06: 전체 113행 -> 제외 후 10행
[2026-06-16 12:58:34]   2026-03-07: 전체 143행 -> 제외 후 42행
[2026-06-16 12:58:36]   2026-03-08: 전체 155행 -> 제외 후 54행
[2026-06-16 12:58:37]   2026-03-09: 전체 153행 -> 제외 후 52행
[2026-06-16 12:58:39]   2026-03-10: 전체 150행 -> 제외 후 51행
[2026-06-16 12:58:41]   2026-03-11: 전체 149행 -> 제외 후 51행
[2026-06-16 12:58:42]   2026-03-12: 전체 143행 -> 제외 후 50행
[2026-06-16 12:58:44]   2026-03-13: 전체 140행 -> 제외 후 48행
[2026-06-16 12:58:45]   2026-03-14: 전체 154행 -> 제외 후 51행
[2026-06-16 12:58:48]   2026-03-15: 전체 162행 -> 제외 후 45행
[2026-06-16 12:58:50]   2026-03-16: 전체 204행 -> 제외 후 98행
[2026-06-16 12:58:52]   2026-03-17: 전체 196행 -> 제외 후 97행
[2026-06-16 12:58:54]   2026-03-18: 전체 193행 -> 제외 후 93행
[2026-06-16 12:58:55]   2026-03-19: 전체 188행 -> 제외 후 88행
[2026-06-16 12:58:58]   2026-03-20: 전체 202행 -> 제외 후 104행
[2026-06-16 12:59:00]   2026-03-21: 전체 186행 -> 제외 후 97행
[2026-06-16 12:59:02]   2026-03-22: 전체 255행 -> 제외 후 134행
[2026-06-16 12:59:04]   2026-03-23: 전체 248행 -> 제외 후 138행
[2026-06-16 12:59:07]   2026-03-24: 전체 246행 -> 제외 후 136행
[2026-06-16 12:59:10]   2026-03-25: 전체 234행 -> 제외 후 133행
[2026-06-16 12:59:13]   2026-03-26: 전체 219행 -> 제외 후 125행
[2026-06-16 12:59:16]   2026-03-27: 전체 235행 -> 제외 후 131행
[2026-06-16 12:59:18]   2026-03-28: 전체 261행 -> 제외 후 131행
[2026-06-16 12:59:21]   2026-03-29: 전체 286행 -> 제외 후 150행
[2026-06-16 12:59:23]   2026-03-30: 전체 266행 -> 제외 후 148행
[2026-06-16 12:59:26]   2026-03-31: 전체 275행 -> 제외 후 152행
[2026-06-16 12:59:29]   2026-04-01: 전체 284행 -> 제외 후 154행
[2026-06-16 12:59:31]   2026-04-02: 전체 267행 -> 제외 후 146행
[2026-06-16 12:59:34]   2026-04-03: 전체 271행 -> 제외 후 147행
[2026-06-16 12:59:37]   2026-04-04: 전체 289행 -> 제외 후 164행
[2026-06-16 12:59:41]   2026-04-05: 전체 340행 -> 제외 후 197행
[2026-06-16 12:59:44]   2026-04-06: 전체 313행 -> 제외 후 177행
[2026-06-16 12:59:47]   2026-04-07: 전체 294행 -> 제외 후 175행
[2026-06-16 12:59:49]   2026-04-08: 전체 286행 -> 제외 후 171행
[2026-06-16 12:59:52]   2026-04-09: 전체 293행 -> 제외 후 170행
[2026-06-16 12:59:55]   2026-04-10: 전체 302행 -> 제외 후 178행
[2026-06-16 12:59:58]   2026-04-11: 전체 334행 -> 제외 후 183행
[2026-06-16 13:00:02]   2026-04-12: 전체 351행 -> 제외 후 214행
[2026-06-16 13:00:05]   2026-04-13: 전체 312행 -> 제외 후 194행
[2026-06-16 13:00:09]   2026-04-14: 전체 282행 -> 제외 후 165행
[2026-06-16 13:00:13]   2026-04-15: 전체 291행 -> 제외 후 178행
[2026-06-16 13:00:16]   2026-04-16: 전체 291행 -> 제외 후 175행
[2026-06-16 13:00:20]   2026-04-17: 전체 296행 -> 제외 후 179행
[2026-06-16 13:00:23]   2026-04-18: 전체 360행 -> 제외 후 169행
[2026-06-16 13:00:27]   2026-04-19: 전체 336행 -> 제외 후 169행
[2026-06-16 13:00:30]   2026-04-20: 전체 302행 -> 제외 후 147행
[2026-06-16 13:00:34]   2026-04-21: 전체 351행 -> 제외 후 159행
[2026-06-16 13:00:38]   2026-04-22: 전체 335행 -> 제외 후 159행
[2026-06-16 13:00:42]   2026-04-23: 전체 315행 -> 제외 후 146행
[2026-06-16 13:00:48]   2026-04-24: 전체 350행 -> 제외 후 147행
[2026-06-16 13:00:51]   2026-04-25: 전체 350행 -> 제외 후 165행
[2026-06-16 13:00:56]   2026-04-26: 전체 364행 -> 제외 후 164행
[2026-06-16 13:01:00]   2026-04-27: 전체 352행 -> 제외 후 151행
[2026-06-16 13:01:04]   2026-04-28: 전체 346행 -> 제외 후 155행
[2026-06-16 13:01:08]   2026-04-29: 전체 327행 -> 제외 후 147행
[2026-06-16 13:01:13]   2026-04-30: 전체 377행 -> 제외 후 154행
[2026-06-16 13:01:18]   2026-05-01: 전체 492행 -> 제외 후 160행
[2026-06-16 13:01:26]   2026-05-02: 전체 526행 -> 제외 후 159행
[2026-06-16 13:01:32]   2026-05-03: 전체 511행 -> 제외 후 136행
[2026-06-16 13:01:36]   2026-05-04: 전체 463행 -> 제외 후 103행
[2026-06-16 13:01:41]   2026-05-05: 전체 464행 -> 제외 후 96행
[2026-06-16 13:01:46]   2026-05-06: 전체 554행 -> 제외 후 164행
[2026-06-16 13:01:51]   2026-05-07: 전체 589행 -> 제외 후 188행
[2026-06-16 13:01:58]   2026-05-08: 전체 642행 -> 제외 후 208행
[2026-06-16 13:02:04]   2026-05-09: 전체 671행 -> 제외 후 165행
[2026-06-16 13:02:11]   2026-05-10: 전체 761행 -> 제외 후 209행
[2026-06-16 13:02:18]   2026-05-11: 전체 698행 -> 제외 후 167행
[2026-06-16 13:02:24]   2026-05-12: 전체 686행 -> 제외 후 157행
[2026-06-16 13:02:30]   2026-05-13: 전체 651행 -> 제외 후 151행
[2026-06-16 13:02:37]   2026-05-14: 전체 667행 -> 제외 후 155행
[2026-06-16 13:02:42]   2026-05-15: 전체 652행 -> 제외 후 145행
[2026-06-16 13:02:49]   2026-05-16: 전체 739행 -> 제외 후 146행
[2026-06-16 13:02:58]   2026-05-17: 전체 773행 -> 제외 후 149행
[2026-06-16 13:03:06]   2026-05-18: 전체 656행 -> 제외 후 140행
[2026-06-16 13:03:12]   2026-05-19: 전체 675행 -> 제외 후 133행
[2026-06-16 13:03:20]   2026-05-20: 전체 645행 -> 제외 후 127행
[2026-06-16 13:03:28]   2026-05-21: 전체 618행 -> 제외 후 124행
[2026-06-16 13:03:33]   2026-05-22: 전체 566행 -> 제외 후 114행
[2026-06-16 13:03:39]   2026-05-23: 전체 604행 -> 제외 후 116행
[2026-06-16 13:03:45]   2026-05-24: 전체 594행 -> 제외 후 119행
[2026-06-16 13:03:51]   2026-05-25: 전체 559행 -> 제외 후 108행
[2026-06-16 13:03:56]   2026-05-26: 전체 550행 -> 제외 후 102행
[2026-06-16 13:04:02]   2026-05-27: 전체 537행 -> 제외 후 103행
[2026-06-16 13:04:07]   2026-05-28: 전체 530행 -> 제외 후 102행
[2026-06-16 13:04:11]   2026-05-29: 전체 476행 -> 제외 후 102행
[2026-06-16 13:04:16]   2026-05-30: 전체 487행 -> 제외 후 99행
[2026-06-16 13:04:20]   2026-05-31: 전체 497행 -> 제외 후 100행
[2026-06-16 13:04:24]   2026-06-01: 전체 492행 -> 제외 후 102행
[2026-06-16 13:04:28]   2026-06-02: 전체 420행 -> 제외 후 92행
[2026-06-16 13:04:31]   2026-06-03: 전체 365행 -> 제외 후 88행
[2026-06-16 13:04:35]   2026-06-04: 전체 406행 -> 제외 후 61행
[2026-06-16 13:04:39]   2026-06-05: 전체 326행 -> 제외 후 47행
[2026-06-16 13:04:42]   2026-06-06: 전체 297행 -> 제외 후 38행
[2026-06-16 13:04:44]   2026-06-07: 전체 273행 -> 제외 후 51행
[2026-06-16 13:04:46]   2026-06-08: 전체 222행 -> 제외 후 23행
[2026-06-16 13:04:49]   2026-06-09: 전체 231행 -> 제외 후 20행
[2026-06-16 13:04:52]   2026-06-10: 전체 258행 -> 제외 후 24행
[2026-06-16 13:04:54]   2026-06-11: 전체 259행 -> 제외 후 20행
[2026-06-16 13:04:57]   2026-06-12: 전체 265행 -> 제외 후 22행
[2026-06-16 13:04:59]   2026-06-13: 전체 235행 -> 제외 후 21행
[2026-06-16 13:05:01]   2026-06-14: 전체 198행 -> 제외 후 22행
[2026-06-16 13:05:03]   2026-06-15: 전체 179행 -> 제외 후 20행
[2026-06-16 13:05:03] spend > 0 행: 935개
[2026-06-16 13:05:03] [백필 모드] state 파일 갱신 생략
[2026-06-16 13:05:03] 완료: 935행 -> /home/runner/work/lalasweet-ad-dashboard/lalasweet-ad-dashboard/data/tiktok_raw_2026-01-01_2026-06-15.csv
[2026-06-16 13:17:44] [백필 모드] 수집 범위: 2026-01-01 ~ 2026-06-15
[2026-06-16 13:17:44] 경고: 수집 범위 166일. 장기 누락 가능성.
[2026-06-16 13:17:44] 수집 범위: 2026-01-01 ~ 2026-06-15 (166일)
[2026-06-16 13:17:45]   2026-01-01: 전체 63행 -> 제외 후 45행
[2026-06-16 13:17:45]   2026-01-02: 전체 74행 -> 제외 후 47행
[2026-06-16 13:17:47]   2026-01-03: 전체 58행 -> 제외 후 36행
[2026-06-16 13:17:47]   2026-01-04: 전체 58행 -> 제외 후 39행
[2026-06-16 13:17:48]   2026-01-05: 전체 57행 -> 제외 후 37행
[2026-06-16 13:17:49]   2026-01-06: 전체 51행 -> 제외 후 33행
[2026-06-16 13:17:50]   2026-01-07: 전체 47행 -> 제외 후 30행
[2026-06-16 13:17:50]   2026-01-08: 전체 50행 -> 제외 후 33행
[2026-06-16 13:17:51]   2026-01-09: 전체 43행 -> 제외 후 28행
[2026-06-16 13:17:52]   2026-01-10: 전체 46행 -> 제외 후 28행
[2026-06-16 13:17:52]   2026-01-11: 전체 46행 -> 제외 후 28행
[2026-06-16 13:17:53]   2026-01-12: 전체 51행 -> 제외 후 34행
[2026-06-16 13:17:54]   2026-01-13: 전체 51행 -> 제외 후 31행
[2026-06-16 13:17:55]   2026-01-14: 전체 38행 -> 제외 후 22행
[2026-06-16 13:17:55]   2026-01-15: 전체 38행 -> 제외 후 22행
[2026-06-16 13:17:57]   2026-01-16: 전체 36행 -> 제외 후 21행
[2026-06-16 13:17:58]   2026-01-17: 전체 31행 -> 제외 후 19행
[2026-06-16 13:17:58]   2026-01-18: 전체 42행 -> 제외 후 27행
[2026-06-16 13:17:59]   2026-01-19: 전체 28행 -> 제외 후 19행
[2026-06-16 13:18:00]   2026-01-20: 전체 35행 -> 제외 후 22행
[2026-06-16 13:18:01]   2026-01-21: 전체 29행 -> 제외 후 21행
[2026-06-16 13:18:02]   2026-01-22: 전체 24행 -> 제외 후 19행
[2026-06-16 13:18:03]   2026-01-23: 전체 27행 -> 제외 후 20행
[2026-06-16 13:18:04]   2026-01-24: 전체 23행 -> 제외 후 19행
[2026-06-16 13:18:05]   2026-01-25: 전체 28행 -> 제외 후 21행
[2026-06-16 13:18:06]   2026-01-26: 전체 22행 -> 제외 후 18행
[2026-06-16 13:18:06]   2026-01-27: 전체 30행 -> 제외 후 21행
[2026-06-16 13:18:07]   2026-01-28: 전체 27행 -> 제외 후 21행
[2026-06-16 13:18:08]   2026-01-29: 전체 29행 -> 제외 후 21행
[2026-06-16 13:18:09]   2026-01-30: 전체 32행 -> 제외 후 21행
[2026-06-16 13:18:09]   2026-01-31: 전체 25행 -> 제외 후 20행
[2026-06-16 13:18:10]   2026-02-01: 전체 23행 -> 제외 후 20행
[2026-06-16 13:18:11]   2026-02-02: 전체 30행 -> 제외 후 20행
[2026-06-16 13:18:11]   2026-02-03: 전체 38행 -> 제외 후 18행
[2026-06-16 13:18:12]   2026-02-04: 전체 30행 -> 제외 후 12행
[2026-06-16 13:18:13]   2026-02-05: 전체 28행 -> 제외 후 8행
[2026-06-16 13:18:14]   2026-02-06: 전체 34행 -> 제외 후 7행
[2026-06-16 13:18:14]   2026-02-07: 전체 31행 -> 제외 후 5행
[2026-06-16 13:18:15]   2026-02-08: 전체 31행 -> 제외 후 5행
[2026-06-16 13:18:16]   2026-02-09: 전체 33행 -> 제외 후 6행
[2026-06-16 13:18:16]   2026-02-10: 전체 35행 -> 제외 후 3행
[2026-06-16 13:18:17]   2026-02-11: 전체 33행 -> 제외 후 1행
[2026-06-16 13:18:18]   2026-02-12: 전체 30행 -> 제외 후 0행
[2026-06-16 13:18:19]   2026-02-13: 전체 31행 -> 제외 후 1행
[2026-06-16 13:18:20]   2026-02-14: 전체 69행 -> 제외 후 7행
[2026-06-16 13:18:21]   2026-02-15: 전체 66행 -> 제외 후 6행
[2026-06-16 13:18:22]   2026-02-16: 전체 64행 -> 제외 후 4행
[2026-06-16 13:18:23]   2026-02-17: 전체 70행 -> 제외 후 8행
[2026-06-16 13:18:24]   2026-02-18: 전체 70행 -> 제외 후 5행
[2026-06-16 13:18:25]   2026-02-19: 전체 67행 -> 제외 후 5행
[2026-06-16 13:18:26]   2026-02-20: 전체 70행 -> 제외 후 7행
[2026-06-16 13:18:26]   2026-02-21: 전체 67행 -> 제외 후 5행
[2026-06-16 13:18:27]   2026-02-22: 전체 70행 -> 제외 후 6행
[2026-06-16 13:18:28]   2026-02-23: 전체 70행 -> 제외 후 4행
[2026-06-16 13:18:29]   2026-02-24: 전체 72행 -> 제외 후 5행
[2026-06-16 13:18:31]   2026-02-25: 전체 70행 -> 제외 후 5행
[2026-06-16 13:18:32]   2026-02-26: 전체 69행 -> 제외 후 3행
[2026-06-16 13:18:33]   2026-02-27: 전체 71행 -> 제외 후 6행
[2026-06-16 13:18:34]   2026-02-28: 전체 67행 -> 제외 후 4행
[2026-06-16 13:18:35]   2026-03-01: 전체 71행 -> 제외 후 5행
[2026-06-16 13:18:36]   2026-03-02: 전체 70행 -> 제외 후 4행
[2026-06-16 13:18:37]   2026-03-03: 전체 74행 -> 제외 후 7행
[2026-06-16 13:18:38]   2026-03-04: 전체 77행 -> 제외 후 14행
[2026-06-16 13:18:38]   2026-03-05: 전체 70행 -> 제외 후 9행
[2026-06-16 13:18:40]   2026-03-06: 전체 113행 -> 제외 후 10행
[2026-06-16 13:18:41]   2026-03-07: 전체 143행 -> 제외 후 42행
[2026-06-16 13:18:43]   2026-03-08: 전체 155행 -> 제외 후 54행
[2026-06-16 13:18:45]   2026-03-09: 전체 153행 -> 제외 후 52행
[2026-06-16 13:18:46]   2026-03-10: 전체 150행 -> 제외 후 51행
[2026-06-16 13:18:47]   2026-03-11: 전체 149행 -> 제외 후 51행
[2026-06-16 13:18:49]   2026-03-12: 전체 143행 -> 제외 후 50행
[2026-06-16 13:18:50]   2026-03-13: 전체 140행 -> 제외 후 48행
[2026-06-16 13:18:52]   2026-03-14: 전체 154행 -> 제외 후 51행
[2026-06-16 13:18:53]   2026-03-15: 전체 162행 -> 제외 후 45행
[2026-06-16 13:18:56]   2026-03-16: 전체 204행 -> 제외 후 98행
[2026-06-16 13:18:58]   2026-03-17: 전체 196행 -> 제외 후 97행
[2026-06-16 13:19:01]   2026-03-18: 전체 193행 -> 제외 후 93행
[2026-06-16 13:19:03]   2026-03-19: 전체 188행 -> 제외 후 88행
[2026-06-16 13:19:05]   2026-03-20: 전체 202행 -> 제외 후 104행
[2026-06-16 13:19:07]   2026-03-21: 전체 186행 -> 제외 후 97행
[2026-06-16 13:19:09]   2026-03-22: 전체 255행 -> 제외 후 134행
[2026-06-16 13:19:11]   2026-03-23: 전체 248행 -> 제외 후 138행
[2026-06-16 13:19:14]   2026-03-24: 전체 246행 -> 제외 후 136행
[2026-06-16 13:19:16]   2026-03-25: 전체 234행 -> 제외 후 133행
[2026-06-16 13:19:18]   2026-03-26: 전체 219행 -> 제외 후 125행
[2026-06-16 13:19:20]   2026-03-27: 전체 235행 -> 제외 후 131행
[2026-06-16 13:19:23]   2026-03-28: 전체 261행 -> 제외 후 131행
[2026-06-16 13:19:25]   2026-03-29: 전체 286행 -> 제외 후 150행
[2026-06-16 13:19:29]   2026-03-30: 전체 266행 -> 제외 후 148행
[2026-06-16 13:19:31]   2026-03-31: 전체 275행 -> 제외 후 152행
[2026-06-16 13:19:34]   2026-04-01: 전체 284행 -> 제외 후 154행
[2026-06-16 13:19:36]   2026-04-02: 전체 267행 -> 제외 후 146행
[2026-06-16 13:19:39]   2026-04-03: 전체 271행 -> 제외 후 147행
[2026-06-16 13:19:42]   2026-04-04: 전체 289행 -> 제외 후 164행
[2026-06-16 13:19:45]   2026-04-05: 전체 340행 -> 제외 후 197행
[2026-06-16 13:19:49]   2026-04-06: 전체 313행 -> 제외 후 177행
[2026-06-16 13:19:51]   2026-04-07: 전체 294행 -> 제외 후 175행
[2026-06-16 13:19:53]   2026-04-08: 전체 286행 -> 제외 후 171행
[2026-06-16 13:19:56]   2026-04-09: 전체 293행 -> 제외 후 170행
[2026-06-16 13:19:59]   2026-04-10: 전체 302행 -> 제외 후 178행
[2026-06-16 13:20:02]   2026-04-11: 전체 334행 -> 제외 후 183행
[2026-06-16 13:20:05]   2026-04-12: 전체 351행 -> 제외 후 214행
[2026-06-16 13:20:10]   2026-04-13: 전체 312행 -> 제외 후 194행
[2026-06-16 13:20:13]   2026-04-14: 전체 282행 -> 제외 후 165행
[2026-06-16 13:20:16]   2026-04-15: 전체 291행 -> 제외 후 178행
[2026-06-16 13:20:20]   2026-04-16: 전체 291행 -> 제외 후 175행
[2026-06-16 13:20:23]   2026-04-17: 전체 296행 -> 제외 후 179행
[2026-06-16 13:20:28]   2026-04-18: 전체 360행 -> 제외 후 169행
[2026-06-16 13:20:31]   2026-04-19: 전체 336행 -> 제외 후 169행
[2026-06-16 13:20:34]   2026-04-20: 전체 302행 -> 제외 후 147행
[2026-06-16 13:20:38]   2026-04-21: 전체 351행 -> 제외 후 159행
[2026-06-16 13:20:41]   2026-04-22: 전체 335행 -> 제외 후 159행
[2026-06-16 13:20:45]   2026-04-23: 전체 315행 -> 제외 후 146행
[2026-06-16 13:20:48]   2026-04-24: 전체 350행 -> 제외 후 147행
[2026-06-16 13:20:53]   2026-04-25: 전체 350행 -> 제외 후 165행
[2026-06-16 13:20:56]   2026-04-26: 전체 364행 -> 제외 후 164행
[2026-06-16 13:20:59]   2026-04-27: 전체 352행 -> 제외 후 151행
[2026-06-16 13:21:03]   2026-04-28: 전체 346행 -> 제외 후 155행
[2026-06-16 13:21:06]   2026-04-29: 전체 327행 -> 제외 후 147행
[2026-06-16 13:21:09]   2026-04-30: 전체 377행 -> 제외 후 154행
[2026-06-16 13:21:14]   2026-05-01: 전체 492행 -> 제외 후 160행
[2026-06-16 13:21:20]   2026-05-02: 전체 526행 -> 제외 후 159행
[2026-06-16 13:21:25]   2026-05-03: 전체 511행 -> 제외 후 136행
[2026-06-16 13:21:29]   2026-05-04: 전체 463행 -> 제외 후 103행
[2026-06-16 13:21:33]   2026-05-05: 전체 464행 -> 제외 후 96행
[2026-06-16 13:21:38]   2026-05-06: 전체 554행 -> 제외 후 164행
[2026-06-16 13:21:43]   2026-05-07: 전체 589행 -> 제외 후 188행
[2026-06-16 13:21:48]   2026-05-08: 전체 642행 -> 제외 후 208행
[2026-06-16 13:21:54]   2026-05-09: 전체 671행 -> 제외 후 165행
[2026-06-16 13:22:00]   2026-05-10: 전체 761행 -> 제외 후 209행
[2026-06-16 13:22:05]   2026-05-11: 전체 698행 -> 제외 후 167행
[2026-06-16 13:22:12]   2026-05-12: 전체 686행 -> 제외 후 157행
[2026-06-16 13:22:18]   2026-05-13: 전체 651행 -> 제외 후 151행
[2026-06-16 13:22:23]   2026-05-14: 전체 667행 -> 제외 후 155행
[2026-06-16 13:22:28]   2026-05-15: 전체 652행 -> 제외 후 145행
[2026-06-16 13:22:35]   2026-05-16: 전체 739행 -> 제외 후 146행
[2026-06-16 13:22:41]   2026-05-17: 전체 773행 -> 제외 후 149행
[2026-06-16 13:22:46]   2026-05-18: 전체 656행 -> 제외 후 140행
[2026-06-16 13:22:51]   2026-05-19: 전체 675행 -> 제외 후 133행
[2026-06-16 13:22:56]   2026-05-20: 전체 645행 -> 제외 후 127행
[2026-06-16 13:23:03]   2026-05-21: 전체 618행 -> 제외 후 124행
[2026-06-16 13:23:08]   2026-05-22: 전체 566행 -> 제외 후 114행
[2026-06-16 13:23:13]   2026-05-23: 전체 604행 -> 제외 후 116행
[2026-06-16 13:23:17]   2026-05-24: 전체 594행 -> 제외 후 119행
[2026-06-16 13:23:23]   2026-05-25: 전체 559행 -> 제외 후 108행
[2026-06-16 13:23:27]   2026-05-26: 전체 550행 -> 제외 후 102행
[2026-06-16 13:23:32]   2026-05-27: 전체 537행 -> 제외 후 103행
[2026-06-16 13:23:37]   2026-05-28: 전체 530행 -> 제외 후 102행
[2026-06-16 13:23:41]   2026-05-29: 전체 476행 -> 제외 후 102행
[2026-06-16 13:23:45]   2026-05-30: 전체 487행 -> 제외 후 99행
[2026-06-16 13:23:49]   2026-05-31: 전체 497행 -> 제외 후 100행
[2026-06-16 13:23:53]   2026-06-01: 전체 492행 -> 제외 후 102행
[2026-06-16 13:23:57]   2026-06-02: 전체 420행 -> 제외 후 92행
[2026-06-16 13:24:00]   2026-06-03: 전체 365행 -> 제외 후 88행
[2026-06-16 13:24:04]   2026-06-04: 전체 406행 -> 제외 후 61행
[2026-06-16 13:24:06]   2026-06-05: 전체 326행 -> 제외 후 47행
[2026-06-16 13:24:09]   2026-06-06: 전체 297행 -> 제외 후 38행
[2026-06-16 13:24:11]   2026-06-07: 전체 273행 -> 제외 후 51행
[2026-06-16 13:24:13]   2026-06-08: 전체 222행 -> 제외 후 23행
[2026-06-16 13:24:15]   2026-06-09: 전체 231행 -> 제외 후 20행
[2026-06-16 13:24:18]   2026-06-10: 전체 258행 -> 제외 후 24행
[2026-06-16 13:24:20]   2026-06-11: 전체 259행 -> 제외 후 20행
[2026-06-16 13:24:23]   2026-06-12: 전체 265행 -> 제외 후 22행
[2026-06-16 13:24:25]   2026-06-13: 전체 235행 -> 제외 후 21행
[2026-06-16 13:24:27]   2026-06-14: 전체 198행 -> 제외 후 22행
[2026-06-16 13:24:29]   2026-06-15: 전체 179행 -> 제외 후 20행
[2026-06-16 13:24:29] spend > 0 행: 935개
[2026-06-16 13:24:29] [백필 모드] state 파일 갱신 생략
[2026-06-16 13:24:29] 완료: 935행 -> /home/runner/work/lalasweet-ad-dashboard/lalasweet-ad-dashboard/data/tiktok_raw_2026-01-01_2026-06-15.csv
[2026-06-16 14:09:33] [백필 모드] 수집 범위: 2026-01-01 ~ 2026-06-15
[2026-06-16 14:09:33] 경고: 수집 범위 166일. 장기 누락 가능성.
[2026-06-16 14:09:33] 수집 범위: 2026-01-01 ~ 2026-06-15 (166일)
[2026-06-16 14:09:34]   2026-01-01: 전체 63행 -> 제외 후 45행
[2026-06-16 14:09:35]   2026-01-02: 전체 74행 -> 제외 후 47행
[2026-06-16 14:09:36]   2026-01-03: 전체 58행 -> 제외 후 36행
[2026-06-16 14:09:37]   2026-01-04: 전체 58행 -> 제외 후 39행
[2026-06-16 14:09:38]   2026-01-05: 전체 57행 -> 제외 후 37행
[2026-06-16 14:09:39]   2026-01-06: 전체 51행 -> 제외 후 33행
[2026-06-16 14:09:40]   2026-01-07: 전체 47행 -> 제외 후 30행
[2026-06-16 14:09:41]   2026-01-08: 전체 50행 -> 제외 후 33행
[2026-06-16 14:09:41]   2026-01-09: 전체 43행 -> 제외 후 28행
[2026-06-16 14:09:42]   2026-01-10: 전체 46행 -> 제외 후 28행
[2026-06-16 14:09:43]   2026-01-11: 전체 46행 -> 제외 후 28행
[2026-06-16 14:09:44]   2026-01-12: 전체 51행 -> 제외 후 34행
[2026-06-16 14:09:44]   2026-01-13: 전체 51행 -> 제외 후 31행
[2026-06-16 14:09:45]   2026-01-14: 전체 38행 -> 제외 후 22행
[2026-06-16 14:09:46]   2026-01-15: 전체 38행 -> 제외 후 22행
[2026-06-16 14:09:49]   2026-01-16: 전체 36행 -> 제외 후 21행
[2026-06-16 14:09:49]   2026-01-17: 전체 31행 -> 제외 후 19행
[2026-06-16 14:09:51]   2026-01-18: 전체 42행 -> 제외 후 27행
[2026-06-16 14:09:51]   2026-01-19: 전체 28행 -> 제외 후 19행
[2026-06-16 14:09:52]   2026-01-20: 전체 35행 -> 제외 후 22행
[2026-06-16 14:09:53]   2026-01-21: 전체 29행 -> 제외 후 21행
[2026-06-16 14:09:54]   2026-01-22: 전체 24행 -> 제외 후 19행
[2026-06-16 14:09:54]   2026-01-23: 전체 27행 -> 제외 후 20행
[2026-06-16 14:09:55]   2026-01-24: 전체 23행 -> 제외 후 19행
[2026-06-16 14:09:56]   2026-01-25: 전체 28행 -> 제외 후 21행
[2026-06-16 14:09:57]   2026-01-26: 전체 22행 -> 제외 후 18행
[2026-06-16 14:09:58]   2026-01-27: 전체 30행 -> 제외 후 21행
[2026-06-16 14:09:59]   2026-01-28: 전체 27행 -> 제외 후 21행
[2026-06-16 14:09:59]   2026-01-29: 전체 29행 -> 제외 후 21행
[2026-06-16 14:10:01]   2026-01-30: 전체 32행 -> 제외 후 21행
[2026-06-16 14:10:02]   2026-01-31: 전체 25행 -> 제외 후 20행
[2026-06-16 14:10:03]   2026-02-01: 전체 23행 -> 제외 후 20행
[2026-06-16 14:10:04]   2026-02-02: 전체 30행 -> 제외 후 20행
[2026-06-16 14:10:05]   2026-02-03: 전체 38행 -> 제외 후 18행
[2026-06-16 14:10:06]   2026-02-04: 전체 30행 -> 제외 후 12행
[2026-06-16 14:10:06]   2026-02-05: 전체 28행 -> 제외 후 8행
[2026-06-16 14:10:08]   2026-02-06: 전체 34행 -> 제외 후 7행
[2026-06-16 14:10:09]   2026-02-07: 전체 31행 -> 제외 후 5행
[2026-06-16 14:10:10]   2026-02-08: 전체 31행 -> 제외 후 5행
[2026-06-16 14:10:10]   2026-02-09: 전체 33행 -> 제외 후 6행
[2026-06-16 14:10:11]   2026-02-10: 전체 35행 -> 제외 후 3행
[2026-06-16 14:10:13]   2026-02-11: 전체 33행 -> 제외 후 1행
[2026-06-16 14:10:13]   2026-02-12: 전체 30행 -> 제외 후 0행
[2026-06-16 14:10:14]   2026-02-13: 전체 31행 -> 제외 후 1행
[2026-06-16 14:10:16]   2026-02-14: 전체 69행 -> 제외 후 7행
[2026-06-16 14:10:17]   2026-02-15: 전체 66행 -> 제외 후 6행
[2026-06-16 14:10:18]   2026-02-16: 전체 64행 -> 제외 후 4행
[2026-06-16 14:10:19]   2026-02-17: 전체 70행 -> 제외 후 8행
[2026-06-16 14:10:19]   2026-02-18: 전체 70행 -> 제외 후 5행
[2026-06-16 14:10:20]   2026-02-19: 전체 67행 -> 제외 후 5행
[2026-06-16 14:10:21]   2026-02-20: 전체 70행 -> 제외 후 7행
[2026-06-16 14:10:21]   2026-02-21: 전체 67행 -> 제외 후 5행
[2026-06-16 14:10:23]   2026-02-22: 전체 70행 -> 제외 후 6행
[2026-06-16 14:10:24]   2026-02-23: 전체 70행 -> 제외 후 4행
[2026-06-16 14:10:25]   2026-02-24: 전체 72행 -> 제외 후 5행
[2026-06-16 14:10:26]   2026-02-25: 전체 70행 -> 제외 후 5행
[2026-06-16 14:10:26]   2026-02-26: 전체 69행 -> 제외 후 3행
[2026-06-16 14:10:27]   2026-02-27: 전체 71행 -> 제외 후 6행
[2026-06-16 14:10:28]   2026-02-28: 전체 67행 -> 제외 후 4행
[2026-06-16 14:10:29]   2026-03-01: 전체 71행 -> 제외 후 5행
[2026-06-16 14:10:29]   2026-03-02: 전체 70행 -> 제외 후 4행
[2026-06-16 14:10:30]   2026-03-03: 전체 74행 -> 제외 후 7행
[2026-06-16 14:10:31]   2026-03-04: 전체 77행 -> 제외 후 14행
[2026-06-16 14:10:32]   2026-03-05: 전체 70행 -> 제외 후 9행
[2026-06-16 14:10:34]   2026-03-06: 전체 113행 -> 제외 후 10행
[2026-06-16 14:10:35]   2026-03-07: 전체 143행 -> 제외 후 42행
[2026-06-16 14:10:37]   2026-03-08: 전체 155행 -> 제외 후 54행
[2026-06-16 14:10:39]   2026-03-09: 전체 153행 -> 제외 후 52행
[2026-06-16 14:10:41]   2026-03-10: 전체 150행 -> 제외 후 51행
[2026-06-16 14:10:42]   2026-03-11: 전체 149행 -> 제외 후 51행
[2026-06-16 14:10:44]   2026-03-12: 전체 143행 -> 제외 후 50행
[2026-06-16 14:10:46]   2026-03-13: 전체 140행 -> 제외 후 48행
[2026-06-16 14:10:48]   2026-03-14: 전체 154행 -> 제외 후 51행
[2026-06-16 14:10:49]   2026-03-15: 전체 162행 -> 제외 후 45행
[2026-06-16 14:10:51]   2026-03-16: 전체 204행 -> 제외 후 98행
[2026-06-16 14:10:53]   2026-03-17: 전체 196행 -> 제외 후 97행
[2026-06-16 14:10:54]   2026-03-18: 전체 193행 -> 제외 후 93행
[2026-06-16 14:10:56]   2026-03-19: 전체 188행 -> 제외 후 88행
[2026-06-16 14:10:58]   2026-03-20: 전체 202행 -> 제외 후 104행
[2026-06-16 14:11:00]   2026-03-21: 전체 186행 -> 제외 후 97행
[2026-06-16 14:11:03]   2026-03-22: 전체 255행 -> 제외 후 134행
[2026-06-16 14:11:06]   2026-03-23: 전체 248행 -> 제외 후 138행
[2026-06-16 14:11:08]   2026-03-24: 전체 246행 -> 제외 후 136행
[2026-06-16 14:11:11]   2026-03-25: 전체 234행 -> 제외 후 133행
[2026-06-16 14:11:13]   2026-03-26: 전체 219행 -> 제외 후 125행
[2026-06-16 14:11:15]   2026-03-27: 전체 235행 -> 제외 후 131행
[2026-06-16 14:11:17]   2026-03-28: 전체 261행 -> 제외 후 131행
[2026-06-16 14:11:19]   2026-03-29: 전체 286행 -> 제외 후 150행
[2026-06-16 14:11:22]   2026-03-30: 전체 266행 -> 제외 후 148행
[2026-06-16 14:11:25]   2026-03-31: 전체 275행 -> 제외 후 152행
[2026-06-16 14:11:27]   2026-04-01: 전체 284행 -> 제외 후 154행
[2026-06-16 14:11:29]   2026-04-02: 전체 267행 -> 제외 후 146행
[2026-06-16 14:11:31]   2026-04-03: 전체 271행 -> 제외 후 147행
[2026-06-16 14:11:33]   2026-04-04: 전체 289행 -> 제외 후 164행
[2026-06-16 14:11:37]   2026-04-05: 전체 340행 -> 제외 후 197행
[2026-06-16 14:11:41]   2026-04-06: 전체 313행 -> 제외 후 177행
[2026-06-16 14:11:44]   2026-04-07: 전체 294행 -> 제외 후 175행
[2026-06-16 14:11:47]   2026-04-08: 전체 286행 -> 제외 후 171행
[2026-06-16 14:11:49]   2026-04-09: 전체 293행 -> 제외 후 170행
[2026-06-16 14:11:53]   2026-04-10: 전체 302행 -> 제외 후 178행
[2026-06-16 14:11:56]   2026-04-11: 전체 334행 -> 제외 후 183행
[2026-06-16 14:12:00]   2026-04-12: 전체 351행 -> 제외 후 214행
[2026-06-16 14:12:03]   2026-04-13: 전체 312행 -> 제외 후 194행
[2026-06-16 14:12:06]   2026-04-14: 전체 282행 -> 제외 후 165행
[2026-06-16 14:12:09]   2026-04-15: 전체 291행 -> 제외 후 178행
[2026-06-16 14:12:11]   2026-04-16: 전체 291행 -> 제외 후 175행
[2026-06-16 14:12:14]   2026-04-17: 전체 296행 -> 제외 후 179행
[2026-06-16 14:12:17]   2026-04-18: 전체 360행 -> 제외 후 169행
[2026-06-16 14:12:21]   2026-04-19: 전체 336행 -> 제외 후 169행
[2026-06-16 14:12:26]   2026-04-20: 전체 302행 -> 제외 후 147행
[2026-06-16 14:12:30]   2026-04-21: 전체 351행 -> 제외 후 159행
[2026-06-16 14:12:34]   2026-04-22: 전체 335행 -> 제외 후 159행
[2026-06-16 14:12:37]   2026-04-23: 전체 315행 -> 제외 후 146행
[2026-06-16 14:12:41]   2026-04-24: 전체 350행 -> 제외 후 147행
[2026-06-16 14:12:44]   2026-04-25: 전체 350행 -> 제외 후 165행
[2026-06-16 14:12:48]   2026-04-26: 전체 364행 -> 제외 후 164행
[2026-06-16 14:12:51]   2026-04-27: 전체 352행 -> 제외 후 151행
[2026-06-16 14:12:55]   2026-04-28: 전체 346행 -> 제외 후 155행
[2026-06-16 14:12:59]   2026-04-29: 전체 327행 -> 제외 후 147행
[2026-06-16 14:13:02]   2026-04-30: 전체 377행 -> 제외 후 154행
[2026-06-16 14:13:06]   2026-05-01: 전체 492행 -> 제외 후 160행
[2026-06-16 14:13:11]   2026-05-02: 전체 526행 -> 제외 후 159행
[2026-06-16 14:13:16]   2026-05-03: 전체 511행 -> 제외 후 136행
[2026-06-16 14:13:20]   2026-05-04: 전체 463행 -> 제외 후 103행
[2026-06-16 14:13:24]   2026-05-05: 전체 464행 -> 제외 후 96행
[2026-06-16 14:13:28]   2026-05-06: 전체 554행 -> 제외 후 164행
[2026-06-16 14:13:35]   2026-05-07: 전체 589행 -> 제외 후 188행
[2026-06-16 14:13:41]   2026-05-08: 전체 642행 -> 제외 후 208행
[2026-06-16 14:13:48]   2026-05-09: 전체 671행 -> 제외 후 165행
[2026-06-16 14:13:56]   2026-05-10: 전체 761행 -> 제외 후 209행
[2026-06-16 14:14:01]   2026-05-11: 전체 698행 -> 제외 후 167행
[2026-06-16 14:14:07]   2026-05-12: 전체 686행 -> 제외 후 157행
[2026-06-16 14:14:12]   2026-05-13: 전체 651행 -> 제외 후 151행
[2026-06-16 14:14:19]   2026-05-14: 전체 667행 -> 제외 후 155행
[2026-06-16 14:14:25]   2026-05-15: 전체 652행 -> 제외 후 145행
[2026-06-16 14:14:32]   2026-05-16: 전체 739행 -> 제외 후 146행
[2026-06-16 14:14:37]   2026-05-17: 전체 773행 -> 제외 후 149행
[2026-06-16 14:14:46]   2026-05-18: 전체 656행 -> 제외 후 140행
[2026-06-16 14:14:52]   2026-05-19: 전체 675행 -> 제외 후 133행
[2026-06-16 14:14:58]   2026-05-20: 전체 645행 -> 제외 후 127행
[2026-06-16 14:15:05]   2026-05-21: 전체 618행 -> 제외 후 124행
[2026-06-16 14:15:11]   2026-05-22: 전체 566행 -> 제외 후 114행
[2026-06-16 14:15:17]   2026-05-23: 전체 604행 -> 제외 후 116행
[2026-06-16 14:15:22]   2026-05-24: 전체 594행 -> 제외 후 119행
[2026-06-16 14:15:27]   2026-05-25: 전체 559행 -> 제외 후 108행
[2026-06-16 14:15:33]   2026-05-26: 전체 550행 -> 제외 후 102행
[2026-06-16 14:15:39]   2026-05-27: 전체 537행 -> 제외 후 103행
[2026-06-16 14:15:44]   2026-05-28: 전체 530행 -> 제외 후 102행
[2026-06-16 14:15:48]   2026-05-29: 전체 476행 -> 제외 후 102행
[2026-06-16 14:15:52]   2026-05-30: 전체 487행 -> 제외 후 99행
[2026-06-16 14:15:57]   2026-05-31: 전체 497행 -> 제외 후 100행
[2026-06-16 14:16:03]   2026-06-01: 전체 492행 -> 제외 후 102행
[2026-06-16 14:16:07]   2026-06-02: 전체 420행 -> 제외 후 92행
[2026-06-16 14:16:10]   2026-06-03: 전체 365행 -> 제외 후 88행
[2026-06-16 14:16:15]   2026-06-04: 전체 406행 -> 제외 후 61행
[2026-06-16 14:16:18]   2026-06-05: 전체 326행 -> 제외 후 47행
[2026-06-16 14:16:20]   2026-06-06: 전체 297행 -> 제외 후 38행
[2026-06-16 14:16:23]   2026-06-07: 전체 273행 -> 제외 후 51행
[2026-06-16 14:16:25]   2026-06-08: 전체 222행 -> 제외 후 23행
[2026-06-16 14:16:27]   2026-06-09: 전체 231행 -> 제외 후 20행
[2026-06-16 14:16:29]   2026-06-10: 전체 258행 -> 제외 후 24행
[2026-06-16 14:16:31]   2026-06-11: 전체 259행 -> 제외 후 20행
[2026-06-16 14:16:34]   2026-06-12: 전체 265행 -> 제외 후 22행
[2026-06-16 14:16:36]   2026-06-13: 전체 235행 -> 제외 후 21행
[2026-06-16 14:16:38]   2026-06-14: 전체 198행 -> 제외 후 22행
[2026-06-16 14:16:39]   2026-06-15: 전체 179행 -> 제외 후 20행
[2026-06-16 14:16:39] spend > 0 행: 935개
[2026-06-16 14:16:39] [백필 모드] state 파일 갱신 생략
[2026-06-16 14:16:39] 완료: 935행 -> /home/runner/work/lalasweet-ad-dashboard/lalasweet-ad-dashboard/data/tiktok_raw_2026-01-01_2026-06-15.csv
